2026-06-10 18:29:12,301 - INFO - システム起動
2026-06-10 18:29:22,733 - INFO - テーブル操作: weather_samples
2026-06-10 18:29:22,734 - INFO - 観測開始
2026-06-10 18:29:23,767 - INFO - 保存中: 128件
2026-06-10 18:29:24,577 - INFO - デモモードで動作中
2026-06-10 18:29:24,768 - INFO - 保存中: 256件
2026-06-10 18:29:25,725 - INFO - 観測終了
2026-06-10 18:29:25,770 - INFO - 保存中: 384件
2026-06-10 18:36:40,194 - INFO - テーブル 'weather_samples' を作成/選択しました。
2026-06-10 18:36:43,908 - INFO - gdxライブラリ非対応のためデモモードで動作します
2026-06-10 18:36:47,890 - INFO - 観測を開始しました。対象テーブル: weather_samples
2026-06-10 18:36:47,892 - INFO - テーブル 'weather_samples' を作成/選択しました。
2026-06-10 18:36:52,267 - INFO - 観測を終了しました。
2026-06-10 18:36:53,162 - INFO - 観測を開始しました。対象テーブル: weather_samples
2026-06-10 18:36:53,164 - INFO - テーブル 'weather_samples' を作成/選択しました。
2026-06-10 18:36:56,905 - INFO - 観測を終了しました。
2026-06-10 18:37:02,027 - INFO - 観測を開始しました。対象テーブル: weather_samples
2026-06-10 18:37:02,028 - INFO - テーブル 'weather_samples' を作成/選択しました。
2026-06-10 18:37:10,892 - INFO - 観測を終了しました。
2026-06-10 18:37:37,728 - INFO - 観測を終了しました。
2026-06-10 18:38:53,763 - INFO - テーブル 'weather_samples' を作成/選択しました。
2026-06-10 18:39:03,063 - INFO - 観測を開始しました。対象テーブル: weather_samples
2026-06-10 18:39:03,097 - INFO - テーブル 'weather_samples' を作成/選択しました。
2026-06-10 18:39:08,486 - INFO - 観測を終了しました。
2026-06-10 18:39:52,102 - INFO - 観測を開始しました。対象テーブル: weather_samples
2026-06-10 18:39:52,294 - INFO - テーブル 'weather_samples' を作成/選択しました。
2026-06-10 18:39:57,538 - INFO - 観測を終了しました。
