2026-06-12 15:15:41,133 - INFO - --- プログラムが実行されました (システム起動開始) ---
2026-06-12 15:15:44,889 - INFO - SQLiteテーブル 'weather_samples' の作成/存在確認が完了しました。
2026-06-12 15:15:44,889 - INFO - テーブル 'weather_samples' を作成/選択しました。
2026-06-12 15:15:44,891 - INFO - --- システムが正常に起動しました ---
2026-06-12 15:15:44,891 - INFO - システム起動完了
2026-06-12 15:16:17,306 - INFO - gdxライブラリ非対応のため、デモモード動作として準備します。
2026-06-12 15:16:17,306 - INFO - gdxライブラリ非対応のためデモモードで動作します
2026-06-12 15:16:19,659 - INFO - gdxライブラリ非対応のため、デモモード動作として準備します。
2026-06-12 15:16:19,659 - INFO - gdxライブラリ非対応のためデモモードで動作します
2026-06-12 15:16:26,353 - INFO - 観測開始要求 - アクティブチャネル: ['1 - Wind Speed (m/s)', '2 - Relative Humidity (%)', '3 - Barometric Pressure (hPa)'] | 対象テーブル: weather_samples
2026-06-12 15:16:26,353 - INFO - 観測を開始しました。対象テーブル: weather_samples
2026-06-12 15:16:26,385 - INFO - SQLiteテーブル 'weather_samples' の作成/存在確認が完了しました。
2026-06-12 15:16:26,386 - INFO - テーブル 'weather_samples' を作成/選択しました。
2026-06-12 15:16:26,386 - INFO - デモモード（擬似データ生成ループ）で観測を開始しました。
2026-06-12 15:16:27,756 - INFO - 観測停止処理が呼び出されました。
2026-06-12 15:16:27,757 - INFO - 観測を終了しました。
2026-06-12 15:16:35,784 - INFO - テーブルの切り替え/選択が指定されました: weather_samplesfhkk
2026-06-12 15:16:35,859 - INFO - SQLiteテーブル 'weather_samplesfhkk' の作成/存在確認が完了しました。
2026-06-12 15:16:35,859 - INFO - テーブル 'weather_samplesfhkk' を作成/選択しました。
2026-06-12 15:16:55,120 - INFO - 保存先データベースファイルが指定されました: E:/projects/tenmon/kansoku_system/solar_observation.db
2026-06-12 15:16:55,120 - INFO - データベースファイルを読み込み/設定しました: E:/projects/tenmon/kansoku_system/solar_observation.db
2026-06-12 15:16:55,850 - INFO - 観測開始要求 - アクティブチャネル: ['2 - Relative Humidity (%)', '3 - Barometric Pressure (hPa)', '4 - Temperature (°C)'] | 対象テーブル: weather_samplesfhkk
2026-06-12 15:16:55,850 - INFO - 観測を開始しました。対象テーブル: weather_samplesfhkk
2026-06-12 15:16:58,765 - INFO - SQLiteテーブル 'weather_samplesfhkk' の作成/存在確認が完了しました。
2026-06-12 15:16:58,766 - INFO - テーブル 'weather_samplesfhkk' を作成/選択しました。
2026-06-12 15:16:58,767 - INFO - デモモード（擬似データ生成ループ）で観測を開始しました。
2026-06-12 15:17:00,776 - INFO - 観測停止処理が呼び出されました。
2026-06-12 15:17:00,776 - INFO - 観測を終了しました。
2026-06-12 15:17:33,558 - INFO - 観測開始要求 - アクティブチャネル: ['2 - Relative Humidity (%)', '3 - Barometric Pressure (hPa)', '4 - Temperature (°C)'] | 対象テーブル: weather_samplesfhkk
2026-06-12 15:17:33,559 - INFO - 観測を開始しました。対象テーブル: weather_samplesfhkk
2026-06-12 15:17:33,566 - INFO - SQLiteテーブル 'weather_samplesfhkk' の作成/存在確認が完了しました。
2026-06-12 15:17:33,566 - INFO - テーブル 'weather_samplesfhkk' を作成/選択しました。
2026-06-12 15:17:33,567 - INFO - デモモード（擬似データ生成ループ）で観測を開始しました。
2026-06-12 15:18:25,826 - INFO - 観測停止処理が呼び出されました。
2026-06-12 15:18:25,827 - INFO - 観測を終了しました。
2026-06-12 15:18:30,477 - INFO - 観測開始要求 - アクティブチャネル: ['2 - Relative Humidity (%)', '3 - Barometric Pressure (hPa)', '4 - Temperature (°C)'] | 対象テーブル: weather_samplesfhkk
2026-06-12 15:18:30,477 - INFO - 観測を開始しました。対象テーブル: weather_samplesfhkk
2026-06-12 15:18:30,481 - INFO - SQLiteテーブル 'weather_samplesfhkk' の作成/存在確認が完了しました。
2026-06-12 15:18:30,481 - INFO - テーブル 'weather_samplesfhkk' を作成/選択しました。
2026-06-12 15:18:30,481 - INFO - デモモード（擬似データ生成ループ）で観測を開始しました。
2026-06-12 15:18:39,828 - INFO - 観測停止処理が呼び出されました。
2026-06-12 15:18:39,829 - INFO - 観測を終了しました。
2026-06-12 15:18:42,969 - INFO - 観測開始要求 - アクティブチャネル: ['2 - Relative Humidity (%)', '3 - Barometric Pressure (hPa)', '4 - Temperature (°C)'] | 対象テーブル: weather_samplesfhkk
2026-06-12 15:18:42,969 - INFO - 観測を開始しました。対象テーブル: weather_samplesfhkk
2026-06-12 15:18:44,066 - INFO - SQLiteテーブル 'weather_samplesfhkk' の作成/存在確認が完了しました。
2026-06-12 15:18:44,066 - INFO - テーブル 'weather_samplesfhkk' を作成/選択しました。
2026-06-12 15:18:44,066 - INFO - デモモード（擬似データ生成ループ）で観測を開始しました。
2026-06-12 15:18:44,900 - INFO - 観測停止処理が呼び出されました。
2026-06-12 15:18:44,900 - INFO - 観測を終了しました。
2026-06-12 15:19:23,007 - INFO - テーブルの切り替え/選択が指定されました: weather_samples
2026-06-12 15:19:23,012 - INFO - SQLiteテーブル 'weather_samples' の作成/存在確認が完了しました。
2026-06-12 15:19:23,012 - INFO - テーブル 'weather_samples' を作成/選択しました。
2026-06-12 15:19:24,739 - INFO - gdxライブラリ非対応のため、デモモード動作として準備します。
2026-06-12 15:19:24,740 - INFO - gdxライブラリ非対応のためデモモードで動作します
2026-06-12 15:22:56,240 - INFO - --- プログラムの終了処理が呼び出されました ---
2026-06-12 15:22:56,286 - INFO - --- プログラムが正常に終了しました ---
2026-06-12 15:41:44,447 - INFO - --- システム起動処理開始 ---
2026-06-12 15:41:45,163 - INFO - テーブル 'weather_samples' を初期化/確認しました。
2026-06-12 15:41:45,164 - INFO - --- システム正常起動 (Log: E:\projects\tenmon\kansoku_system\observation\observation.log) ---
2026-06-12 15:41:45,164 - INFO - システム起動完了
2026-06-12 15:42:38,061 - INFO - テーブル 'weather_samples' を初期化/確認しました。
2026-06-12 15:42:38,065 - INFO - 観測を開始しました。対象テーブル: weather_samples
2026-06-12 15:42:39,019 - INFO - 観測を終了しました。
2026-06-12 15:42:48,518 - INFO - テーブル 'weather_samples' を初期化/確認しました。
2026-06-12 15:42:48,982 - INFO - テーブル 'weather_samples' を初期化/確認しました。
2026-06-12 15:42:50,067 - INFO - gdxライブラリ非対応のためデモモードで動作します
2026-06-12 15:42:50,345 - INFO - gdxライブラリ非対応のためデモモードで動作します
2026-06-12 15:42:50,524 - INFO - gdxライブラリ非対応のためデモモードで動作します
2026-06-12 15:42:56,163 - INFO - テーブル 'weather_samples' を初期化/確認しました。
2026-06-12 15:42:56,169 - INFO - 観測を開始しました。対象テーブル: weather_samples
2026-06-12 15:43:07,723 - INFO - 観測を終了しました。
2026-06-12 15:43:12,827 - INFO - テーブル 'weather_samples' を初期化/確認しました。
2026-06-12 15:43:12,829 - INFO - 観測を開始しました。対象テーブル: weather_samples
2026-06-12 15:43:13,640 - INFO - 観測を終了しました。
2026-06-12 15:43:14,841 - INFO - テーブル 'weather_samples' を初期化/確認しました。
2026-06-12 15:43:14,843 - INFO - 観測を開始しました。対象テーブル: weather_samples
2026-06-12 15:43:23,713 - INFO - データベースファイルを指定しました: E:/projects/tenmon/kansoku_system/observation/xxx.db
2026-06-12 15:43:31,025 - INFO - 観測を終了しました。
2026-06-12 15:45:06,783 - INFO - テーブル 'weather_samples' を初期化/確認しました。
2026-06-12 15:45:06,793 - INFO - 観測を開始しました。対象テーブル: weather_samples
2026-06-12 15:45:21,412 - INFO - 観測を終了しました。
2026-06-12 15:45:51,673 - INFO - テーブル 'weather_samples' を初期化/確認しました。
2026-06-12 15:45:51,675 - INFO - 観測を開始しました。対象テーブル: weather_samples
2026-06-12 15:45:52,364 - INFO - 観測を終了しました。
2026-06-12 15:48:51,390 - INFO - --- システム終了処理開始 ---
2026-06-12 15:48:51,409 - INFO - 観測を終了しました。
2026-06-12 15:48:51,424 - INFO - --- システム正常終了 ---
2026-06-12 15:51:47,097 - INFO - --- システム起動処理開始 ---
2026-06-12 15:51:48,164 - INFO - テーブル 'weather_samples' を初期化/確認しました。
2026-06-12 15:51:48,165 - INFO - --- システム正常起動 (Log: E:\projects\tenmon\kansoku_system\observation\observation.log) ---
2026-06-12 15:51:48,165 - INFO - システム起動完了
2026-06-12 15:51:51,480 - INFO - 観測開始 - 選択されたチャネル一覧: 1 - Wind Speed (m/s), 2 - Relative Humidity (%), 3 - Barometric Pressure (hPa)
2026-06-12 15:51:51,483 - INFO - テーブル 'weather_samples' を初期化/確認しました。
2026-06-12 15:51:51,486 - INFO - 観測を開始しました。対象テーブル: weather_samples
2026-06-12 15:52:02,294 - INFO - 観測を終了しました。
2026-06-12 15:52:03,149 - INFO - 観測開始 - 選択されたチャネル一覧: 1 - Wind Speed (m/s), 2 - Relative Humidity (%), 3 - Barometric Pressure (hPa)
2026-06-12 15:52:03,153 - INFO - テーブル 'weather_samples' を初期化/確認しました。
2026-06-12 15:52:03,154 - INFO - 観測を開始しました。対象テーブル: weather_samples
2026-06-12 15:52:13,695 - INFO - 観測を終了しました。
2026-06-12 15:52:14,174 - INFO - 観測開始 - 選択されたチャネル一覧: 1 - Wind Speed (m/s), 2 - Relative Humidity (%), 3 - Barometric Pressure (hPa)
2026-06-12 15:52:14,178 - INFO - テーブル 'weather_samples' を初期化/確認しました。
2026-06-12 15:52:14,180 - INFO - 観測を開始しました。対象テーブル: weather_samples
2026-06-12 15:52:17,382 - ERROR - データベース一括保存エラー: Execution failed
Traceback (most recent call last):
  File "E:\App\Python\Python313\Lib\site-packages\pandas\io\sql.py", line 2571, in _execute_insert
    conn.executemany(self.insert_statement(num_rows=1), data_list)
    ~~~~~~~~~~~~~~~~^^^^^^^^^^^^^^^^^^^^^^^^^^^^^^^^^^^^^^^^^^^^^^
sqlite3.IntegrityError: UNIQUE constraint failed: weather_samples.sample_time

The above exception was the direct cause of the following exception:

Traceback (most recent call last):
  File "E:\projects\tenmon\kansoku_system\observation\get_enviroment.py", line 447, in save_to_db
    df.to_sql(current_table, con=conn, if_exists='append', index=False)
    ~~~~~~~~~^^^^^^^^^^^^^^^^^^^^^^^^^^^^^^^^^^^^^^^^^^^^^^^^^^^^^^^^^^
  File "E:\App\Python\Python313\Lib\site-packages\pandas\core\generic.py", line 3052, in to_sql
    return sql.to_sql(
           ~~~~~~~~~~^
        self,
        ^^^^^
    ...<8 lines>...
        method=method,
        ^^^^^^^^^^^^^^
    )
    ^
  File "E:\App\Python\Python313\Lib\site-packages\pandas\io\sql.py", line 841, in to_sql
    return pandas_sql.to_sql(
           ~~~~~~~~~~~~~~~~~^
        frame,
        ^^^^^^
    ...<9 lines>...
        **engine_kwargs,
        ^^^^^^^^^^^^^^^^
    )
    ^
  File "E:\App\Python\Python313\Lib\site-packages\pandas\io\sql.py", line 2880, in to_sql
    return table.insert(chunksize, method)
           ~~~~~~~~~~~~^^^^^^^^^^^^^^^^^^^
  File "E:\App\Python\Python313\Lib\site-packages\pandas\io\sql.py", line 1122, in insert
    num_inserted = exec_insert(conn, keys, chunk_iter)
  File "E:\App\Python\Python313\Lib\site-packages\pandas\io\sql.py", line 2573, in _execute_insert
    raise DatabaseError("Execution failed") from exc
pandas.errors.DatabaseError: Execution failed
2026-06-12 15:52:21,833 - ERROR - データベース一括保存エラー: Execution failed
Traceback (most recent call last):
  File "E:\App\Python\Python313\Lib\site-packages\pandas\io\sql.py", line 2571, in _execute_insert
    conn.executemany(self.insert_statement(num_rows=1), data_list)
    ~~~~~~~~~~~~~~~~^^^^^^^^^^^^^^^^^^^^^^^^^^^^^^^^^^^^^^^^^^^^^^
sqlite3.IntegrityError: UNIQUE constraint failed: weather_samples.sample_time

The above exception was the direct cause of the following exception:

Traceback (most recent call last):
  File "E:\projects\tenmon\kansoku_system\observation\get_enviroment.py", line 447, in save_to_db
    df.to_sql(current_table, con=conn, if_exists='append', index=False)
    ~~~~~~~~~^^^^^^^^^^^^^^^^^^^^^^^^^^^^^^^^^^^^^^^^^^^^^^^^^^^^^^^^^^
  File "E:\App\Python\Python313\Lib\site-packages\pandas\core\generic.py", line 3052, in to_sql
    return sql.to_sql(
           ~~~~~~~~~~^
        self,
        ^^^^^
    ...<8 lines>...
        method=method,
        ^^^^^^^^^^^^^^
    )
    ^
  File "E:\App\Python\Python313\Lib\site-packages\pandas\io\sql.py", line 841, in to_sql
    return pandas_sql.to_sql(
           ~~~~~~~~~~~~~~~~~^
        frame,
        ^^^^^^
    ...<9 lines>...
        **engine_kwargs,
        ^^^^^^^^^^^^^^^^
    )
    ^
  File "E:\App\Python\Python313\Lib\site-packages\pandas\io\sql.py", line 2880, in to_sql
    return table.insert(chunksize, method)
           ~~~~~~~~~~~~^^^^^^^^^^^^^^^^^^^
  File "E:\App\Python\Python313\Lib\site-packages\pandas\io\sql.py", line 1122, in insert
    num_inserted = exec_insert(conn, keys, chunk_iter)
  File "E:\App\Python\Python313\Lib\site-packages\pandas\io\sql.py", line 2573, in _execute_insert
    raise DatabaseError("Execution failed") from exc
pandas.errors.DatabaseError: Execution failed
2026-06-12 15:52:24,426 - INFO - 観測を終了しました。
2026-06-12 15:52:28,433 - INFO - 観測開始 - 選択されたチャネル一覧: 1 - Wind Speed (m/s), 2 - Relative Humidity (%), 3 - Barometric Pressure (hPa)
2026-06-12 15:52:28,437 - INFO - テーブル 'weather_samples' を初期化/確認しました。
2026-06-12 15:52:28,440 - INFO - 観測を開始しました。対象テーブル: weather_samples
2026-06-12 15:52:34,403 - INFO - 観測を終了しました。
2026-06-12 15:52:35,093 - INFO - 観測開始 - 選択されたチャネル一覧: 1 - Wind Speed (m/s), 2 - Relative Humidity (%), 3 - Barometric Pressure (hPa)
2026-06-12 15:52:35,096 - INFO - テーブル 'weather_samples' を初期化/確認しました。
2026-06-12 15:52:35,098 - INFO - 観測を開始しました。対象テーブル: weather_samples
2026-06-12 15:52:44,070 - INFO - 観測を終了しました。
2026-06-12 15:59:28,224 - INFO - --- システム終了処理開始 ---
2026-06-12 15:59:28,275 - INFO - 観測を終了しました。
2026-06-12 15:59:28,292 - INFO - --- システム正常終了 ---
2026-06-12 15:59:59,244 - INFO - --- システム起動処理開始 ---
2026-06-12 16:00:00,747 - INFO - テーブル 'weather_samples' を初期化/確認しました。
2026-06-12 16:00:00,748 - INFO - --- システム正常起動 (Log: E:\projects\tenmon\kansoku_system\observation\observation.log) ---
2026-06-12 16:00:00,748 - INFO - システム起動完了
2026-06-12 16:00:08,610 - INFO - テーブル 'weather_samples' を初期化/確認しました。
2026-06-12 16:00:09,494 - INFO - gdxライブラリ非対応のためデモモードで動作します
2026-06-12 16:00:17,224 - INFO - データベースファイルを指定しました: E:/projects/tenmon/kansoku_system/observation/xxx.db
2026-06-12 16:00:17,790 - INFO - gdxライブラリ非対応のためデモモードで動作します
2026-06-12 16:00:18,417 - INFO - テーブル 'weather_samples' を初期化/確認しました。
2026-06-12 16:00:22,455 - INFO - 観測開始 - 選択されたチャネル一覧: 1 - Wind Speed (m/s), 2 - Relative Humidity (%), 3 - Barometric Pressure (hPa)
2026-06-12 16:00:22,765 - INFO - テーブル 'weather_samples' を初期化/確認しました。
2026-06-12 16:00:22,811 - INFO - 観測を開始しました。対象テーブル: weather_samples
2026-06-12 16:00:27,947 - INFO - 観測を終了しました。
2026-06-12 16:00:29,136 - INFO - 観測開始 - 選択されたチャネル一覧: 1 - Wind Speed (m/s), 2 - Relative Humidity (%), 3 - Barometric Pressure (hPa)
2026-06-12 16:00:29,140 - INFO - テーブル 'weather_samples' を初期化/確認しました。
2026-06-12 16:00:29,143 - INFO - 観測を開始しました。対象テーブル: weather_samples
2026-06-12 16:00:32,264 - INFO - 観測を終了しました。
2026-06-12 16:34:32,414 - INFO - --- システム起動処理開始 ---
2026-06-12 16:34:33,080 - INFO - テーブル 'weather_samples' を初期化/確認しました。
2026-06-12 16:34:33,081 - INFO - --- システム正常起動 (Log: E:\projects\tenmon\kansoku_system\observation\observation.log) ---
2026-06-12 16:34:33,081 - INFO - システム起動完了
2026-06-12 16:34:54,549 - INFO - 観測開始 - 選択されたチャネル一覧: 1 - Wind Speed (m/s), 2 - Relative Humidity (%), 3 - Barometric Pressure (hPa)
2026-06-12 16:34:54,563 - INFO - テーブル 'weather_samples' を初期化/確認しました。
2026-06-12 16:34:54,591 - INFO - 観測を開始しました。対象テーブル: weather_samples
2026-06-12 16:35:32,704 - INFO - 観測を終了しました。
2026-06-12 16:35:58,879 - INFO - 観測開始 - 選択されたチャネル一覧: 1 - Wind Speed (m/s), 2 - Relative Humidity (%), 3 - Barometric Pressure (hPa)
2026-06-12 16:35:58,882 - INFO - テーブル 'weather_samples' を初期化/確認しました。
2026-06-12 16:35:58,884 - INFO - 観測を開始しました。対象テーブル: weather_samples
2026-06-12 16:36:20,915 - INFO - 観測を終了しました。
2026-06-12 16:37:03,004 - INFO - --- システム終了処理開始 ---
2026-06-12 16:37:03,004 - INFO - 観測を終了しました。
2026-06-12 16:37:03,006 - INFO - --- システム正常終了 ---
2026-06-12 16:48:56,272 - INFO - --- システム起動処理開始 ---
2026-06-12 16:48:58,040 - INFO - テーブル 'weather_samples' を初期化/確認しました。
2026-06-12 16:48:58,040 - INFO - --- システム正常起動 (Log: E:\projects\tenmon\kansoku_system\observation\observation.log) ---
2026-06-12 16:48:58,041 - INFO - システム起動完了
2026-06-12 16:49:03,459 - INFO - 観測開始 - 選択されたチャネル一覧: 1 - Wind Speed (m/s), 2 - Relative Humidity (%), 3 - Barometric Pressure (hPa)
2026-06-12 16:49:03,461 - INFO - テーブル 'weather_samples' を初期化/確認しました。
2026-06-12 16:49:03,543 - INFO - 観測を開始しました。対象テーブル: weather_samples
2026-06-12 16:52:07,197 - INFO - 観測を終了しました。
2026-06-12 16:52:09,254 - INFO - --- システム終了処理開始 ---
2026-06-12 16:52:09,254 - INFO - 観測を終了しました。
2026-06-12 16:52:09,256 - INFO - --- システム正常終了 ---
2026-06-12 16:56:25,053 - INFO - --- システム起動処理開始 ---
2026-06-12 16:56:25,355 - INFO - テーブル 'weather_samples' を初期化/確認しました。
2026-06-12 16:56:25,356 - INFO - --- システム正常起動 (Log: E:\projects\tenmon\kansoku_system\observation\observation.log) ---
2026-06-12 16:56:25,356 - INFO - システム起動完了
2026-06-12 16:57:20,811 - INFO - データベースファイルを指定しました: E:/projects/tenmon/kansoku_system/observation/xxx.db
2026-06-12 16:57:28,399 - INFO - テーブル 'njnjnjnj' を初期化/確認しました。
2026-06-12 16:57:28,410 - INFO - 観測開始 - 選択されたチャネル一覧: 1 - Wind Speed (m/s), 2 - Relative Humidity (%), 3 - Barometric Pressure (hPa)
2026-06-12 16:57:28,414 - INFO - テーブル 'njnjnjnj' を初期化/確認しました。
2026-06-12 16:57:28,478 - INFO - 観測を開始しました。対象テーブル: njnjnjnj
2026-06-12 16:57:51,664 - INFO - 観測を終了しました。
2026-06-12 16:57:54,410 - INFO - 観測開始 - 選択されたチャネル一覧: 1 - Wind Speed (m/s), 2 - Relative Humidity (%), 3 - Barometric Pressure (hPa)
2026-06-12 16:57:54,418 - INFO - テーブル 'njnjnjnj' を初期化/確認しました。
2026-06-12 16:57:54,422 - INFO - 観測を開始しました。対象テーブル: njnjnjnj
2026-06-12 16:58:14,630 - INFO - 観測を終了しました。
2026-06-12 16:58:15,185 - INFO - 観測開始 - 選択されたチャネル一覧: 1 - Wind Speed (m/s), 2 - Relative Humidity (%), 3 - Barometric Pressure (hPa)
2026-06-12 16:58:15,189 - INFO - テーブル 'njnjnjnj' を初期化/確認しました。
2026-06-12 16:58:15,192 - INFO - 観測を開始しました。対象テーブル: njnjnjnj
2026-06-12 16:58:18,949 - ERROR - データベース一括保存エラー: Execution failed
Traceback (most recent call last):
  File "E:\App\Python\Python313\Lib\site-packages\pandas\io\sql.py", line 2571, in _execute_insert
    conn.executemany(self.insert_statement(num_rows=1), data_list)
    ~~~~~~~~~~~~~~~~^^^^^^^^^^^^^^^^^^^^^^^^^^^^^^^^^^^^^^^^^^^^^^
sqlite3.IntegrityError: UNIQUE constraint failed: njnjnjnj.sample_time

The above exception was the direct cause of the following exception:

Traceback (most recent call last):
  File "E:\projects\tenmon\kansoku_system\observation\get_enviroment.py", line 482, in save_to_db
    df.to_sql(current_table, con=conn, if_exists='append', index=False)
    ~~~~~~~~~^^^^^^^^^^^^^^^^^^^^^^^^^^^^^^^^^^^^^^^^^^^^^^^^^^^^^^^^^^
  File "E:\App\Python\Python313\Lib\site-packages\pandas\core\generic.py", line 3052, in to_sql
    return sql.to_sql(
           ~~~~~~~~~~^
        self,
        ^^^^^
    ...<8 lines>...
        method=method,
        ^^^^^^^^^^^^^^
    )
    ^
  File "E:\App\Python\Python313\Lib\site-packages\pandas\io\sql.py", line 841, in to_sql
    return pandas_sql.to_sql(
           ~~~~~~~~~~~~~~~~~^
        frame,
        ^^^^^^
    ...<9 lines>...
        **engine_kwargs,
        ^^^^^^^^^^^^^^^^
    )
    ^
  File "E:\App\Python\Python313\Lib\site-packages\pandas\io\sql.py", line 2880, in to_sql
    return table.insert(chunksize, method)
           ~~~~~~~~~~~~^^^^^^^^^^^^^^^^^^^
  File "E:\App\Python\Python313\Lib\site-packages\pandas\io\sql.py", line 1122, in insert
    num_inserted = exec_insert(conn, keys, chunk_iter)
  File "E:\App\Python\Python313\Lib\site-packages\pandas\io\sql.py", line 2573, in _execute_insert
    raise DatabaseError("Execution failed") from exc
pandas.errors.DatabaseError: Execution failed
2026-06-12 16:58:21,125 - INFO - 観測を終了しました。
2026-06-12 16:58:21,532 - ERROR - データベース一括保存エラー: Execution failed
Traceback (most recent call last):
  File "E:\App\Python\Python313\Lib\site-packages\pandas\io\sql.py", line 2571, in _execute_insert
    conn.executemany(self.insert_statement(num_rows=1), data_list)
    ~~~~~~~~~~~~~~~~^^^^^^^^^^^^^^^^^^^^^^^^^^^^^^^^^^^^^^^^^^^^^^
sqlite3.IntegrityError: UNIQUE constraint failed: njnjnjnj.sample_time

The above exception was the direct cause of the following exception:

Traceback (most recent call last):
  File "E:\projects\tenmon\kansoku_system\observation\get_enviroment.py", line 482, in save_to_db
    df.to_sql(current_table, con=conn, if_exists='append', index=False)
    ~~~~~~~~~^^^^^^^^^^^^^^^^^^^^^^^^^^^^^^^^^^^^^^^^^^^^^^^^^^^^^^^^^^
  File "E:\App\Python\Python313\Lib\site-packages\pandas\core\generic.py", line 3052, in to_sql
    return sql.to_sql(
           ~~~~~~~~~~^
        self,
        ^^^^^
    ...<8 lines>...
        method=method,
        ^^^^^^^^^^^^^^
    )
    ^
  File "E:\App\Python\Python313\Lib\site-packages\pandas\io\sql.py", line 841, in to_sql
    return pandas_sql.to_sql(
           ~~~~~~~~~~~~~~~~~^
        frame,
        ^^^^^^
    ...<9 lines>...
        **engine_kwargs,
        ^^^^^^^^^^^^^^^^
    )
    ^
  File "E:\App\Python\Python313\Lib\site-packages\pandas\io\sql.py", line 2880, in to_sql
    return table.insert(chunksize, method)
           ~~~~~~~~~~~~^^^^^^^^^^^^^^^^^^^
  File "E:\App\Python\Python313\Lib\site-packages\pandas\io\sql.py", line 1122, in insert
    num_inserted = exec_insert(conn, keys, chunk_iter)
  File "E:\App\Python\Python313\Lib\site-packages\pandas\io\sql.py", line 2573, in _execute_insert
    raise DatabaseError("Execution failed") from exc
pandas.errors.DatabaseError: Execution failed
2026-06-12 16:58:21,777 - INFO - 観測開始 - 選択されたチャネル一覧: 1 - Wind Speed (m/s), 2 - Relative Humidity (%), 3 - Barometric Pressure (hPa)
2026-06-12 16:58:21,782 - INFO - テーブル 'njnjnjnj' を初期化/確認しました。
2026-06-12 16:58:21,785 - INFO - 観測を開始しました。対象テーブル: njnjnjnj
2026-06-12 16:58:23,308 - ERROR - データベース一括保存エラー: Execution failed
Traceback (most recent call last):
  File "E:\App\Python\Python313\Lib\site-packages\pandas\io\sql.py", line 2571, in _execute_insert
    conn.executemany(self.insert_statement(num_rows=1), data_list)
    ~~~~~~~~~~~~~~~~^^^^^^^^^^^^^^^^^^^^^^^^^^^^^^^^^^^^^^^^^^^^^^
sqlite3.IntegrityError: UNIQUE constraint failed: njnjnjnj.sample_time

The above exception was the direct cause of the following exception:

Traceback (most recent call last):
  File "E:\projects\tenmon\kansoku_system\observation\get_enviroment.py", line 482, in save_to_db
    df.to_sql(current_table, con=conn, if_exists='append', index=False)
    ~~~~~~~~~^^^^^^^^^^^^^^^^^^^^^^^^^^^^^^^^^^^^^^^^^^^^^^^^^^^^^^^^^^
  File "E:\App\Python\Python313\Lib\site-packages\pandas\core\generic.py", line 3052, in to_sql
    return sql.to_sql(
           ~~~~~~~~~~^
        self,
        ^^^^^
    ...<8 lines>...
        method=method,
        ^^^^^^^^^^^^^^
    )
    ^
  File "E:\App\Python\Python313\Lib\site-packages\pandas\io\sql.py", line 841, in to_sql
    return pandas_sql.to_sql(
           ~~~~~~~~~~~~~~~~~^
        frame,
        ^^^^^^
    ...<9 lines>...
        **engine_kwargs,
        ^^^^^^^^^^^^^^^^
    )
    ^
  File "E:\App\Python\Python313\Lib\site-packages\pandas\io\sql.py", line 2880, in to_sql
    return table.insert(chunksize, method)
           ~~~~~~~~~~~~^^^^^^^^^^^^^^^^^^^
  File "E:\App\Python\Python313\Lib\site-packages\pandas\io\sql.py", line 1122, in insert
    num_inserted = exec_insert(conn, keys, chunk_iter)
  File "E:\App\Python\Python313\Lib\site-packages\pandas\io\sql.py", line 2573, in _execute_insert
    raise DatabaseError("Execution failed") from exc
pandas.errors.DatabaseError: Execution failed
2026-06-12 16:58:24,382 - ERROR - データベース一括保存エラー: Execution failed
Traceback (most recent call last):
  File "E:\App\Python\Python313\Lib\site-packages\pandas\io\sql.py", line 2571, in _execute_insert
    conn.executemany(self.insert_statement(num_rows=1), data_list)
    ~~~~~~~~~~~~~~~~^^^^^^^^^^^^^^^^^^^^^^^^^^^^^^^^^^^^^^^^^^^^^^
sqlite3.IntegrityError: UNIQUE constraint failed: njnjnjnj.sample_time

The above exception was the direct cause of the following exception:

Traceback (most recent call last):
  File "E:\projects\tenmon\kansoku_system\observation\get_enviroment.py", line 482, in save_to_db
    df.to_sql(current_table, con=conn, if_exists='append', index=False)
    ~~~~~~~~~^^^^^^^^^^^^^^^^^^^^^^^^^^^^^^^^^^^^^^^^^^^^^^^^^^^^^^^^^^
  File "E:\App\Python\Python313\Lib\site-packages\pandas\core\generic.py", line 3052, in to_sql
    return sql.to_sql(
           ~~~~~~~~~~^
        self,
        ^^^^^
    ...<8 lines>...
        method=method,
        ^^^^^^^^^^^^^^
    )
    ^
  File "E:\App\Python\Python313\Lib\site-packages\pandas\io\sql.py", line 841, in to_sql
    return pandas_sql.to_sql(
           ~~~~~~~~~~~~~~~~~^
        frame,
        ^^^^^^
    ...<9 lines>...
        **engine_kwargs,
        ^^^^^^^^^^^^^^^^
    )
    ^
  File "E:\App\Python\Python313\Lib\site-packages\pandas\io\sql.py", line 2880, in to_sql
    return table.insert(chunksize, method)
           ~~~~~~~~~~~~^^^^^^^^^^^^^^^^^^^
  File "E:\App\Python\Python313\Lib\site-packages\pandas\io\sql.py", line 1122, in insert
    num_inserted = exec_insert(conn, keys, chunk_iter)
  File "E:\App\Python\Python313\Lib\site-packages\pandas\io\sql.py", line 2573, in _execute_insert
    raise DatabaseError("Execution failed") from exc
pandas.errors.DatabaseError: Execution failed
2026-06-12 16:58:25,235 - INFO - 観測を終了しました。
2026-06-12 16:58:26,837 - INFO - --- システム終了処理開始 ---
2026-06-12 16:58:26,837 - INFO - 観測を終了しました。
2026-06-12 16:58:26,840 - INFO - --- システム正常終了 ---
2026-06-12 17:19:33,178 - INFO - --- システム起動処理開始 ---
2026-06-12 17:19:33,531 - INFO - テーブル 'weather_samples' を初期化/確認しました。
2026-06-12 17:19:33,532 - INFO - --- システム正常起動 (Log: E:\projects\tenmon\kansoku_system\observation\observation.log) ---
2026-06-12 17:19:33,532 - INFO - システム起動完了
2026-06-12 17:21:12,833 - INFO - データベースファイルを指定しました: E:/projects/tenmon/kansoku_system/observation/chgj.db
2026-06-12 17:21:14,579 - INFO - 観測開始 - 選択されたチャネル一覧: 1 - Wind Speed (m/s), 2 - Relative Humidity (%), 3 - Barometric Pressure (hPa)
2026-06-12 17:21:17,622 - INFO - テーブル 'weather_samples' を初期化/確認しました。
2026-06-12 17:21:17,737 - INFO - 観測を開始しました。対象テーブル: weather_samples
2026-06-12 17:21:44,412 - INFO - 観測を終了しました。
2026-06-12 17:21:47,652 - INFO - 観測開始 - 選択されたチャネル一覧: 1 - Wind Speed (m/s), 2 - Relative Humidity (%), 3 - Barometric Pressure (hPa)
2026-06-12 17:21:47,656 - INFO - テーブル 'weather_samples' を初期化/確認しました。
2026-06-12 17:21:47,658 - INFO - 観測を開始しました。対象テーブル: weather_samples
2026-06-12 17:21:56,157 - INFO - 観測を終了しました。
2026-06-12 17:21:57,561 - INFO - 観測開始 - 選択されたチャネル一覧: 1 - Wind Speed (m/s), 2 - Relative Humidity (%), 3 - Barometric Pressure (hPa)
2026-06-12 17:21:57,569 - INFO - テーブル 'weather_samples' を初期化/確認しました。
2026-06-12 17:21:57,573 - INFO - 観測を開始しました。対象テーブル: weather_samples
2026-06-12 17:22:05,405 - INFO - 観測を終了しました。
2026-06-12 17:23:15,973 - INFO - --- システム終了処理開始 ---
2026-06-12 17:23:15,979 - INFO - 観測を終了しました。
2026-06-12 17:23:15,986 - INFO - --- システム正常終了 ---
